2025-08-27 14:01:07.923 | INFO     | utils.utils_logger:<module>:38 - Logging to file: logs\project_log.log
2025-08-27 14:01:07.923 | INFO     | __main__:main:106 - START producer...
2025-08-27 14:01:07.924 | INFO     | __main__:main:107 - Hit CTRL c (or CMD c) to close.
2025-08-27 14:01:07.924 | INFO     | __main__:get_message_interval:53 - Messages will be sent every 3 seconds.
2025-08-27 14:01:07.924 | INFO     | __main__:main:114 - I just tried a story! It was weird.
2025-08-27 14:01:10.924 | INFO     | __main__:main:114 - I just shared a movie! It was exciting.
2025-08-27 14:01:13.925 | INFO     | __main__:main:114 - I just found an app! It was weird.
2025-08-27 14:01:16.929 | INFO     | __main__:main:114 - I just tried a trick! It was weird.
2025-08-27 14:01:19.931 | INFO     | __main__:main:114 - I just loved a story! It was exciting.
2025-08-27 14:01:22.931 | INFO     | __main__:main:114 - I just saw an app! It was funny.
2025-08-27 14:01:25.933 | INFO     | __main__:main:114 - I just loved an app! It was exciting.
2025-08-27 14:01:28.933 | INFO     | __main__:main:114 - I just tried an app! It was funny.
2025-08-27 14:01:31.934 | INFO     | __main__:main:114 - I just tried a movie! It was boring.
2025-08-27 14:01:34.935 | INFO     | __main__:main:114 - I just loved a trick! It was weird.
2025-08-27 14:01:37.937 | INFO     | __main__:main:114 - I just loved a trick! It was weird.
2025-08-27 14:01:40.937 | INFO     | __main__:main:114 - I just shared a trick! It was exciting.
2025-08-27 14:01:43.938 | INFO     | __main__:main:114 - I just shared a trick! It was exciting.
2025-08-27 14:01:46.939 | INFO     | __main__:main:114 - I just shared a story! It was boring.
2025-08-27 14:01:49.940 | INFO     | __main__:main:114 - I just saw a story! It was funny.
2025-08-27 14:01:52.942 | INFO     | __main__:main:114 - I just saw a trick! It was exciting.
2025-08-27 14:01:55.943 | INFO     | __main__:main:114 - I just saw a meme! It was funny.
2025-08-27 14:01:58.945 | INFO     | __main__:main:114 - I just loved an app! It was amazing.
2025-08-27 14:02:01.946 | INFO     | __main__:main:114 - I just found an app! It was amazing.
2025-08-27 14:02:06.364 | INFO     | utils.utils_logger:<module>:38 - Logging to file: logs\project_log.log
2025-08-27 14:02:06.364 | INFO     | __main__:main:68 - START...
2025-08-27 14:02:06.364 | INFO     | __main__:main:74 - Reading file located at logs\project_log.log.
2025-08-27 14:02:17.438 | INFO     | __main__:main:85 - END.....
2025-08-27 14:28:11.060 | INFO     | utils.utils_logger:<module>:38 - Logging to file: logs\project_log.log
2025-08-27 14:28:11.061 | INFO     | __main__:main:106 - START producer...
2025-08-27 14:28:11.061 | INFO     | __main__:main:107 - Hit CTRL c (or CMD c) to close.
2025-08-27 14:28:11.061 | INFO     | __main__:get_message_interval:53 - Messages will be sent every 3 seconds.
2025-08-27 14:28:11.061 | INFO     | __main__:main:114 - I just saw an app! It was amazing.
2025-08-27 14:28:14.062 | INFO     | __main__:main:114 - I just shared a movie! It was exciting.
2025-08-27 14:28:20.615 | INFO     | utils.utils_logger:<module>:38 - Logging to file: logs\project_log.log
2025-08-27 14:28:20.616 | INFO     | __main__:main:68 - START...
2025-08-27 14:28:20.616 | INFO     | __main__:main:74 - Reading file located at logs\project_log.log.
2025-08-27 14:28:23.103 | INFO     | __main__:main:85 - END.....
2025-08-29 10:31:54.509 | INFO     | utils.utils_logger:<module>:38 - Logging to file: logs\project_log.log
2025-08-29 10:31:54.525 | INFO     | __main__:main:106 - START producer...
2025-08-29 10:31:54.537 | INFO     | __main__:main:107 - Hit CTRL c (or CMD c) to close.
2025-08-29 10:31:54.538 | INFO     | __main__:get_message_interval:53 - Messages will be sent every 3 seconds.
2025-08-29 10:31:54.538 | INFO     | __main__:main:114 - I just tried a trick! It was exciting.
2025-08-29 10:31:57.540 | INFO     | __main__:main:114 - I just found a meme! It was boring.
2025-08-29 10:32:00.543 | INFO     | __main__:main:114 - I just loved an app! It was weird.
2025-08-29 10:32:03.545 | INFO     | __main__:main:114 - I just found a story! It was funny.
2025-08-29 10:32:06.546 | INFO     | __main__:main:114 - I just saw a trick! It was weird.
2025-08-29 10:32:09.548 | INFO     | __main__:main:114 - I just tried a movie! It was funny.
2025-08-29 10:32:12.549 | INFO     | __main__:main:114 - I just tried an app! It was exciting.
2025-08-29 10:32:15.552 | INFO     | __main__:main:114 - I just shared a story! It was amazing.
2025-08-29 10:32:18.553 | INFO     | __main__:main:114 - I just loved a trick! It was exciting.
2025-08-29 10:32:21.554 | INFO     | __main__:main:114 - I just saw a story! It was funny.
2025-08-29 10:32:24.555 | INFO     | __main__:main:114 - I just tried a trick! It was exciting.
2025-08-29 10:32:26.993 | INFO     | utils.utils_logger:<module>:38 - Logging to file: logs\project_log.log
2025-08-29 10:32:26.994 | INFO     | __main__:main:68 - START...
2025-08-29 10:32:26.994 | INFO     | __main__:main:74 - Reading file located at logs\project_log.log.
2025-08-29 10:32:27.593 | INFO     | __main__:main:114 - I just loved an app! It was amazing.
2025-08-29 10:32:30.594 | INFO     | __main__:main:114 - I just found a story! It was exciting.
2025-08-29 10:32:33.598 | INFO     | __main__:main:114 - I just found an app! It was exciting.
2025-08-29 10:32:36.599 | INFO     | __main__:main:114 - I just tried a trick! It was exciting.
2025-08-29 10:32:39.600 | INFO     | __main__:main:114 - I just found a meme! It was amazing.
2025-08-29 10:32:42.601 | INFO     | __main__:main:114 - I just loved a story! It was weird.
2025-08-29 10:32:45.601 | INFO     | __main__:main:114 - I just saw an app! It was boring.
2025-08-29 10:32:48.602 | INFO     | __main__:main:114 - I just loved an app! It was boring.
2025-08-29 10:32:51.606 | INFO     | __main__:main:114 - I just found a movie! It was exciting.
2025-08-29 10:32:54.608 | INFO     | __main__:main:114 - I just shared a movie! It was funny.
2025-08-29 10:32:57.610 | INFO     | __main__:main:114 - I just shared a meme! It was boring.
2025-08-29 10:33:00.612 | INFO     | __main__:main:114 - I just loved an app! It was boring.
2025-08-29 10:33:03.613 | INFO     | __main__:main:114 - I just saw a meme! It was boring.
2025-08-29 10:33:06.614 | INFO     | __main__:main:114 - I just shared a trick! It was funny.
2025-08-29 10:33:09.617 | INFO     | __main__:main:114 - I just saw an app! It was exciting.
2025-08-29 10:33:12.618 | INFO     | __main__:main:114 - I just loved a story! It was boring.
2025-08-29 10:33:15.621 | INFO     | __main__:main:114 - I just tried a movie! It was funny.
2025-08-29 10:33:18.623 | INFO     | __main__:main:114 - I just saw a meme! It was boring.
2025-08-29 10:33:21.627 | INFO     | __main__:main:114 - I just tried a trick! It was amazing.
2025-08-29 10:33:24.628 | INFO     | __main__:main:114 - I just shared a movie! It was boring.
2025-08-29 10:33:27.630 | INFO     | __main__:main:114 - I just loved a trick! It was weird.
2025-08-29 10:33:30.632 | INFO     | __main__:main:114 - I just saw a movie! It was amazing.
2025-08-29 10:33:33.634 | INFO     | __main__:main:114 - I just found a trick! It was weird.
2025-08-29 10:33:36.636 | INFO     | __main__:main:114 - I just found a movie! It was exciting.
2025-08-29 10:33:39.638 | INFO     | __main__:main:114 - I just tried a trick! It was boring.
2025-08-29 10:33:42.639 | INFO     | __main__:main:114 - I just loved an app! It was boring.
2025-08-29 10:33:45.642 | INFO     | __main__:main:114 - I just tried a movie! It was boring.
2025-08-29 10:33:48.643 | INFO     | __main__:main:114 - I just tried a story! It was amazing.
2025-08-29 10:33:51.644 | INFO     | __main__:main:114 - I just found a movie! It was weird.
2025-08-29 10:33:54.645 | INFO     | __main__:main:114 - I just found a trick! It was funny.
2025-08-29 10:33:57.647 | INFO     | __main__:main:114 - I just found a movie! It was exciting.
2025-08-29 10:34:00.648 | INFO     | __main__:main:114 - I just loved a story! It was exciting.
2025-08-29 10:34:03.651 | INFO     | __main__:main:114 - I just saw a meme! It was boring.
2025-08-29 10:34:06.652 | INFO     | __main__:main:114 - I just shared an app! It was weird.
2025-08-29 10:34:09.653 | INFO     | __main__:main:114 - I just loved a meme! It was weird.
2025-08-29 10:34:12.655 | INFO     | __main__:main:114 - I just shared an app! It was exciting.
2025-08-29 10:34:15.659 | INFO     | __main__:main:114 - I just found a trick! It was weird.
2025-08-29 10:34:18.671 | INFO     | __main__:main:114 - I just tried a trick! It was boring.
2025-08-29 10:34:21.671 | INFO     | __main__:main:114 - I just tried a trick! It was amazing.
2025-08-29 10:34:24.673 | INFO     | __main__:main:114 - I just saw an app! It was boring.
2025-08-29 10:34:27.674 | INFO     | __main__:main:114 - I just saw a story! It was amazing.
2025-08-29 10:34:30.676 | INFO     | __main__:main:114 - I just shared a trick! It was funny.
2025-08-29 10:34:33.678 | INFO     | __main__:main:114 - I just saw a story! It was exciting.
2025-08-29 10:34:36.680 | INFO     | __main__:main:114 - I just found a story! It was weird.
2025-08-29 10:34:39.681 | INFO     | __main__:main:114 - I just loved a story! It was exciting.
2025-08-29 10:34:42.682 | INFO     | __main__:main:114 - I just saw a trick! It was weird.
2025-08-29 10:34:45.683 | INFO     | __main__:main:114 - I just shared a meme! It was funny.
2025-08-29 10:34:48.685 | INFO     | __main__:main:114 - I just tried a story! It was funny.
2025-08-29 10:34:51.686 | INFO     | __main__:main:114 - I just loved a trick! It was amazing.
2025-08-29 10:34:54.686 | INFO     | __main__:main:114 - I just shared a story! It was exciting.
2025-08-29 10:34:57.687 | INFO     | __main__:main:114 - I just shared a story! It was weird.
2025-08-29 10:35:00.691 | INFO     | __main__:main:114 - I just tried a movie! It was boring.
2025-08-29 10:35:03.693 | INFO     | __main__:main:114 - I just found an app! It was exciting.
2025-08-29 10:35:06.696 | INFO     | __main__:main:114 - I just saw a movie! It was exciting.
2025-08-29 10:35:09.698 | INFO     | __main__:main:114 - I just tried an app! It was boring.
2025-08-29 10:35:12.698 | INFO     | __main__:main:114 - I just loved a trick! It was exciting.
2025-08-29 10:35:15.701 | INFO     | __main__:main:114 - I just tried an app! It was boring.
2025-08-29 10:35:18.702 | INFO     | __main__:main:114 - I just loved a trick! It was exciting.
2025-08-29 10:35:21.704 | INFO     | __main__:main:114 - I just saw a trick! It was exciting.
2025-08-29 10:35:24.705 | INFO     | __main__:main:114 - I just shared an app! It was amazing.
2025-08-29 10:35:27.707 | INFO     | __main__:main:114 - I just saw an app! It was exciting.
2025-08-29 10:35:30.707 | INFO     | __main__:main:114 - I just loved a trick! It was weird.
2025-08-29 10:35:33.709 | INFO     | __main__:main:114 - I just saw a trick! It was amazing.
2025-08-29 10:35:36.711 | INFO     | __main__:main:114 - I just tried a movie! It was weird.
2025-08-29 10:35:39.712 | INFO     | __main__:main:114 - I just tried a movie! It was funny.
2025-08-29 10:35:42.715 | INFO     | __main__:main:114 - I just saw a meme! It was amazing.
2025-08-29 10:35:45.716 | INFO     | __main__:main:114 - I just found a story! It was weird.
2025-08-29 10:35:48.717 | INFO     | __main__:main:114 - I just tried a movie! It was boring.
2025-08-29 10:35:51.720 | INFO     | __main__:main:114 - I just saw a trick! It was weird.
2025-08-29 10:35:54.721 | INFO     | __main__:main:114 - I just shared a meme! It was funny.
2025-08-29 10:35:57.722 | INFO     | __main__:main:114 - I just tried a trick! It was funny.
2025-08-29 10:36:00.725 | INFO     | __main__:main:114 - I just saw an app! It was exciting.
2025-08-29 10:36:03.727 | INFO     | __main__:main:114 - I just loved a meme! It was amazing.
2025-08-29 10:36:06.729 | INFO     | __main__:main:114 - I just saw a meme! It was weird.
2025-08-29 10:36:09.730 | INFO     | __main__:main:114 - I just loved a movie! It was amazing.
2025-08-29 10:36:12.736 | INFO     | __main__:main:114 - I just saw a story! It was funny.
2025-08-29 10:36:15.737 | INFO     | __main__:main:114 - I just shared a trick! It was exciting.
2025-08-29 10:36:18.739 | INFO     | __main__:main:114 - I just found a meme! It was funny.
2025-08-29 10:36:21.741 | INFO     | __main__:main:114 - I just shared a meme! It was amazing.
2025-08-29 10:36:24.743 | INFO     | __main__:main:114 - I just tried a story! It was exciting.
2025-08-29 10:36:27.745 | INFO     | __main__:main:114 - I just saw a trick! It was funny.
2025-08-29 10:36:30.747 | INFO     | __main__:main:114 - I just found a story! It was boring.
2025-08-29 10:36:33.750 | INFO     | __main__:main:114 - I just loved an app! It was amazing.
2025-08-29 10:36:36.751 | INFO     | __main__:main:114 - I just loved an app! It was boring.
2025-08-29 10:36:39.753 | INFO     | __main__:main:114 - I just loved a movie! It was weird.
2025-08-29 10:36:42.756 | INFO     | __main__:main:114 - I just tried a story! It was boring.
2025-08-29 10:36:45.757 | INFO     | __main__:main:114 - I just loved a meme! It was amazing.
2025-08-29 10:36:48.759 | INFO     | __main__:main:114 - I just saw a story! It was boring.
2025-08-29 10:36:51.759 | INFO     | __main__:main:114 - I just tried an app! It was weird.
2025-08-29 10:36:54.760 | INFO     | __main__:main:114 - I just saw a story! It was boring.
2025-08-29 10:36:57.761 | INFO     | __main__:main:114 - I just tried a trick! It was exciting.
2025-08-29 10:37:00.763 | INFO     | __main__:main:114 - I just found a trick! It was amazing.
2025-08-29 10:37:03.764 | INFO     | __main__:main:114 - I just shared a story! It was exciting.
2025-08-29 10:37:06.765 | INFO     | __main__:main:114 - I just loved an app! It was weird.
2025-08-29 10:37:09.767 | INFO     | __main__:main:114 - I just saw a meme! It was amazing.
2025-08-29 10:37:12.768 | INFO     | __main__:main:114 - I just shared a movie! It was boring.
2025-08-29 10:37:15.770 | INFO     | __main__:main:114 - I just shared a trick! It was weird.
2025-08-29 10:37:18.772 | INFO     | __main__:main:114 - I just saw a movie! It was funny.
2025-08-29 10:37:21.774 | INFO     | __main__:main:114 - I just tried a trick! It was boring.
2025-08-29 10:37:24.778 | INFO     | __main__:main:114 - I just tried a movie! It was weird.
2025-08-29 10:37:27.780 | INFO     | __main__:main:114 - I just loved a meme! It was boring.
2025-08-29 10:37:30.781 | INFO     | __main__:main:114 - I just saw a movie! It was boring.
2025-08-29 10:37:33.783 | INFO     | __main__:main:114 - I just saw an app! It was amazing.
2025-08-29 10:37:36.784 | INFO     | __main__:main:114 - I just shared a story! It was amazing.
2025-08-29 10:37:39.786 | INFO     | __main__:main:114 - I just tried a meme! It was funny.
2025-08-29 10:37:42.789 | INFO     | __main__:main:114 - I just tried a movie! It was funny.
2025-08-29 10:37:45.790 | INFO     | __main__:main:114 - I just saw a meme! It was funny.
2025-08-29 10:37:48.792 | INFO     | __main__:main:114 - I just loved a meme! It was boring.
2025-08-29 10:37:51.794 | INFO     | __main__:main:114 - I just shared a meme! It was weird.
2025-08-29 10:37:54.796 | INFO     | __main__:main:114 - I just saw a trick! It was weird.
2025-08-29 10:37:57.799 | INFO     | __main__:main:114 - I just saw a trick! It was weird.
2025-08-29 10:38:00.801 | INFO     | __main__:main:114 - I just found a meme! It was exciting.
2025-08-29 10:38:03.804 | INFO     | __main__:main:114 - I just loved a movie! It was exciting.
2025-08-29 10:38:06.805 | INFO     | __main__:main:114 - I just loved an app! It was boring.
2025-08-29 10:38:09.807 | INFO     | __main__:main:114 - I just shared a story! It was weird.
2025-08-29 10:38:12.809 | INFO     | __main__:main:114 - I just saw a movie! It was boring.
2025-08-29 10:38:15.810 | INFO     | __main__:main:114 - I just found a meme! It was funny.
2025-08-29 10:38:18.812 | INFO     | __main__:main:114 - I just loved a story! It was funny.
2025-08-29 10:38:21.814 | INFO     | __main__:main:114 - I just loved a story! It was weird.
2025-08-29 10:38:24.815 | INFO     | __main__:main:114 - I just found a meme! It was amazing.
2025-08-29 10:38:27.817 | INFO     | __main__:main:114 - I just shared a movie! It was weird.
2025-08-29 10:38:30.819 | INFO     | __main__:main:114 - I just saw a trick! It was boring.
2025-08-29 10:38:33.820 | INFO     | __main__:main:114 - I just saw a trick! It was boring.
2025-08-29 10:38:36.824 | INFO     | __main__:main:114 - I just tried a movie! It was boring.
2025-08-29 10:38:39.825 | INFO     | __main__:main:114 - I just tried a meme! It was funny.
2025-08-29 10:38:42.828 | INFO     | __main__:main:114 - I just shared an app! It was boring.
2025-08-29 10:38:44.515 | INFO     | __main__:main:85 - END.....
2025-08-29 10:38:45.829 | INFO     | __main__:main:114 - I just tried an app! It was boring.
